<?xml version="1.0" encoding="utf-8"?>
<coverage line-rate="1" branch-rate="0" version="1.9" timestamp="1535583439" lines-covered="3" lines-valid="3" branches-covered="0" branches-valid="0">
  <sources>
    <source>X:\projects\demos\TestCodeCoverageProject\TestCodeCoverageProject\</source>
  </sources>
  <packages>
    <package name="TestCodeCoverageProject" line-rate="1" branch-rate="0" complexity="0">
      <classes>
        <class name="TestCodeCoverageProject.Addition" filename="Addition.cs" line-rate="1" branch-rate="0" complexity="0">
          <methods>
            <method name="Add" signature="(System.Int32,System.Int32)" line-rate="1" branch-rate="0">
              <lines>
                <line number="6" hits="1" branch="False" />
                <line number="7" hits="1" branch="False" />
                <line number="8" hits="1" branch="False" />
              </lines>
            </method>
          </methods>
          <lines>
            <line number="6" hits="1" branch="False" />
            <line number="7" hits="1" branch="False" />
            <line number="8" hits="1" branch="False" />
          </lines>
        </class>
      </classes>
    </package>
  </packages>
</coverage>